<?xml version="1.0" encoding="UTF-8"?>
<testsuite xmlns:xsi="http://www.w3.org/2001/XMLSchema-instance" xsi:noNamespaceSchemaLocation="https://maven.apache.org/surefire/maven-surefire-plugin/xsd/surefire-test-report-3.0.xsd" version="3.0" name="com.airline.ordering.repository.impl.OrderRepositoryImplTest" time="0.237" tests="9" errors="0" skipped="0" failures="0">
  <properties>
[...]
</properties>
  <testcase name="testFindByStatus" classname="com.airline.ordering.repository.impl.OrderRepositoryImplTest" time="0.032">
    <system-out><![CDATA[16:37:46.961 [main] INFO com.airline.ordering.repository.SQLiteConnection - Connected to SQLite database: jdbc:sqlite:inflight_ordering.db
16:37:46.970 [main] INFO com.airline.ordering.repository.SQLiteConnection - Database schema initialized successfully.
16:37:46.972 [main] INFO com.airline.ordering.repository.SQLiteConnection - Connected to SQLite database: jdbc:sqlite:inflight_ordering.db
16:37:46.973 [main] INFO com.airline.ordering.repository.SQLiteConnection - Connected to SQLite database: jdbc:sqlite:inflight_ordering.db
16:37:46.975 [main] INFO com.airline.ordering.repository.impl.PassengerRepositoryImpl - Passenger saved: df2532b8-332d-4952-baab-5b1cbb8455bc
16:37:46.976 [main] INFO com.airline.ordering.repository.SQLiteConnection - Connected to SQLite database: jdbc:sqlite:inflight_ordering.db
16:37:46.983 [main] INFO com.airline.ordering.repository.impl.OrderRepositoryImpl - Order saved: d8fbeee7-d3eb-4f5a-98ad-80596c78ca74
16:37:46.984 [main] INFO com.airline.ordering.repository.SQLiteConnection - Connected to SQLite database: jdbc:sqlite:inflight_ordering.db
16:37:46.987 [main] INFO com.airline.ordering.repository.impl.OrderRepositoryImpl - Order saved: ab95d4a7-612a-479d-aa3e-0676eae2bc52
16:37:46.987 [main] INFO com.airline.ordering.repository.SQLiteConnection - Connected to SQLite database: jdbc:sqlite:inflight_ordering.db
16:37:46.990 [main] INFO com.airline.ordering.repository.SQLiteConnection - Connected to SQLite database: jdbc:sqlite:inflight_ordering.db
]]></system-out>
  </testcase>
  <testcase name="testFindBySeatNumber" classname="com.airline.ordering.repository.impl.OrderRepositoryImplTest" time="0.025">
    <system-out><![CDATA[16:37:46.997 [main] INFO com.airline.ordering.repository.SQLiteConnection - Connected to SQLite database: jdbc:sqlite:inflight_ordering.db
16:37:47.006 [main] INFO com.airline.ordering.repository.SQLiteConnection - Database schema initialized successfully.
16:37:47.007 [main] INFO com.airline.ordering.repository.SQLiteConnection - Connected to SQLite database: jdbc:sqlite:inflight_ordering.db
16:37:47.008 [main] INFO com.airline.ordering.repository.SQLiteConnection - Connected to SQLite database: jdbc:sqlite:inflight_ordering.db
16:37:47.010 [main] INFO com.airline.ordering.repository.impl.PassengerRepositoryImpl - Passenger saved: c4bb070a-afe1-4515-a70b-865f4d7927c5
16:37:47.011 [main] INFO com.airline.ordering.repository.SQLiteConnection - Connected to SQLite database: jdbc:sqlite:inflight_ordering.db
16:37:47.014 [main] INFO com.airline.ordering.repository.impl.OrderRepositoryImpl - Order saved: de0d1e7b-b6b9-409d-864d-5b0ea5e1d91f
16:37:47.014 [main] INFO com.airline.ordering.repository.SQLiteConnection - Connected to SQLite database: jdbc:sqlite:inflight_ordering.db
16:37:47.018 [main] INFO com.airline.ordering.repository.impl.OrderRepositoryImpl - Order saved: 4c0ec98d-6ccf-43e5-b7a3-bc278f249972
16:37:47.018 [main] INFO com.airline.ordering.repository.SQLiteConnection - Connected to SQLite database: jdbc:sqlite:inflight_ordering.db
]]></system-out>
  </testcase>
  <testcase name="testUpdateOrder" classname="com.airline.ordering.repository.impl.OrderRepositoryImplTest" time="0.026">
    <system-out><![CDATA[16:37:47.022 [main] INFO com.airline.ordering.repository.SQLiteConnection - Connected to SQLite database: jdbc:sqlite:inflight_ordering.db
16:37:47.033 [main] INFO com.airline.ordering.repository.SQLiteConnection - Database schema initialized successfully.
16:37:47.034 [main] INFO com.airline.ordering.repository.SQLiteConnection - Connected to SQLite database: jdbc:sqlite:inflight_ordering.db
16:37:47.034 [main] INFO com.airline.ordering.repository.SQLiteConnection - Connected to SQLite database: jdbc:sqlite:inflight_ordering.db
16:37:47.037 [main] INFO com.airline.ordering.repository.impl.PassengerRepositoryImpl - Passenger saved: 6fb72d6e-0ba1-4b15-a531-5bf40f363a5e
16:37:47.038 [main] INFO com.airline.ordering.repository.SQLiteConnection - Connected to SQLite database: jdbc:sqlite:inflight_ordering.db
16:37:47.041 [main] INFO com.airline.ordering.repository.impl.OrderRepositoryImpl - Order saved: 2d45789e-623a-45ae-a295-5ea80125dd7e
16:37:47.042 [main] INFO com.airline.ordering.repository.SQLiteConnection - Connected to SQLite database: jdbc:sqlite:inflight_ordering.db
16:37:47.044 [main] INFO com.airline.ordering.repository.impl.OrderRepositoryImpl - Order saved: 2d45789e-623a-45ae-a295-5ea80125dd7e
16:37:47.045 [main] INFO com.airline.ordering.repository.SQLiteConnection - Connected to SQLite database: jdbc:sqlite:inflight_ordering.db
]]></system-out>
  </testcase>
  <testcase name="testFindAll" classname="com.airline.ordering.repository.impl.OrderRepositoryImplTest" time="0.025">
    <system-out><![CDATA[16:37:47.048 [main] INFO com.airline.ordering.repository.SQLiteConnection - Connected to SQLite database: jdbc:sqlite:inflight_ordering.db
16:37:47.057 [main] INFO com.airline.ordering.repository.SQLiteConnection - Database schema initialized successfully.
16:37:47.058 [main] INFO com.airline.ordering.repository.SQLiteConnection - Connected to SQLite database: jdbc:sqlite:inflight_ordering.db
16:37:47.059 [main] INFO com.airline.ordering.repository.SQLiteConnection - Connected to SQLite database: jdbc:sqlite:inflight_ordering.db
16:37:47.061 [main] INFO com.airline.ordering.repository.impl.PassengerRepositoryImpl - Passenger saved: 723daa21-3d9e-4303-9e42-dca3ff14deee
16:37:47.062 [main] INFO com.airline.ordering.repository.SQLiteConnection - Connected to SQLite database: jdbc:sqlite:inflight_ordering.db
16:37:47.064 [main] INFO com.airline.ordering.repository.impl.OrderRepositoryImpl - Order saved: 50029ec4-0487-4158-b7f6-846a4a62ce23
16:37:47.064 [main] INFO com.airline.ordering.repository.SQLiteConnection - Connected to SQLite database: jdbc:sqlite:inflight_ordering.db
16:37:47.065 [main] INFO com.airline.ordering.repository.SQLiteConnection - Connected to SQLite database: jdbc:sqlite:inflight_ordering.db
16:37:47.067 [main] INFO com.airline.ordering.repository.impl.PassengerRepositoryImpl - Passenger saved: a3bf558a-00ff-4ba9-9f84-202ac960c29d
16:37:47.067 [main] INFO com.airline.ordering.repository.SQLiteConnection - Connected to SQLite database: jdbc:sqlite:inflight_ordering.db
16:37:47.069 [main] INFO com.airline.ordering.repository.impl.OrderRepositoryImpl - Order saved: 8776458a-949d-4918-9ed1-37e2b8725f81
16:37:47.070 [main] INFO com.airline.ordering.repository.SQLiteConnection - Connected to SQLite database: jdbc:sqlite:inflight_ordering.db
]]></system-out>
  </testcase>
  <testcase name="testCount" classname="com.airline.ordering.repository.impl.OrderRepositoryImplTest" time="0.023">
    <system-out><![CDATA[16:37:47.073 [main] INFO com.airline.ordering.repository.SQLiteConnection - Connected to SQLite database: jdbc:sqlite:inflight_ordering.db
16:37:47.083 [main] INFO com.airline.ordering.repository.SQLiteConnection - Database schema initialized successfully.
16:37:47.085 [main] INFO com.airline.ordering.repository.SQLiteConnection - Connected to SQLite database: jdbc:sqlite:inflight_ordering.db
16:37:47.085 [main] INFO com.airline.ordering.repository.SQLiteConnection - Connected to SQLite database: jdbc:sqlite:inflight_ordering.db
16:37:47.086 [main] INFO com.airline.ordering.repository.SQLiteConnection - Connected to SQLite database: jdbc:sqlite:inflight_ordering.db
16:37:47.088 [main] INFO com.airline.ordering.repository.impl.PassengerRepositoryImpl - Passenger saved: c9306ef9-4605-4873-bfb8-7e365d4ee41f
16:37:47.089 [main] INFO com.airline.ordering.repository.SQLiteConnection - Connected to SQLite database: jdbc:sqlite:inflight_ordering.db
16:37:47.091 [main] INFO com.airline.ordering.repository.impl.OrderRepositoryImpl - Order saved: c18f35cf-9104-40a3-aa6d-b2d60ba0fb7a
16:37:47.091 [main] INFO com.airline.ordering.repository.SQLiteConnection - Connected to SQLite database: jdbc:sqlite:inflight_ordering.db
16:37:47.092 [main] INFO com.airline.ordering.repository.SQLiteConnection - Connected to SQLite database: jdbc:sqlite:inflight_ordering.db
16:37:47.092 [main] INFO com.airline.ordering.repository.SQLiteConnection - Connected to SQLite database: jdbc:sqlite:inflight_ordering.db
16:37:47.094 [main] INFO com.airline.ordering.repository.impl.PassengerRepositoryImpl - Passenger saved: 252dfb63-4a5c-4735-b096-9735c82a3109
16:37:47.094 [main] INFO com.airline.ordering.repository.SQLiteConnection - Connected to SQLite database: jdbc:sqlite:inflight_ordering.db
16:37:47.095 [main] INFO com.airline.ordering.repository.impl.OrderRepositoryImpl - Order saved: 64b3e46c-7ac7-4f6c-892f-dda5598d2b14
16:37:47.096 [main] INFO com.airline.ordering.repository.SQLiteConnection - Connected to SQLite database: jdbc:sqlite:inflight_ordering.db
]]></system-out>
  </testcase>
  <testcase name="testFindOrdersRequiringSync" classname="com.airline.ordering.repository.impl.OrderRepositoryImplTest" time="0.03">
    <system-out><![CDATA[16:37:47.098 [main] INFO com.airline.ordering.repository.SQLiteConnection - Connected to SQLite database: jdbc:sqlite:inflight_ordering.db
16:37:47.106 [main] INFO com.airline.ordering.repository.SQLiteConnection - Database schema initialized successfully.
16:37:47.107 [main] INFO com.airline.ordering.repository.SQLiteConnection - Connected to SQLite database: jdbc:sqlite:inflight_ordering.db
16:37:47.108 [main] INFO com.airline.ordering.repository.SQLiteConnection - Connected to SQLite database: jdbc:sqlite:inflight_ordering.db
16:37:47.110 [main] INFO com.airline.ordering.repository.impl.PassengerRepositoryImpl - Passenger saved: bbedb4d8-adb8-4bb4-a4ae-c99f99f862df
16:37:47.110 [main] INFO com.airline.ordering.repository.SQLiteConnection - Connected to SQLite database: jdbc:sqlite:inflight_ordering.db
16:37:47.112 [main] INFO com.airline.ordering.repository.impl.OrderRepositoryImpl - Order saved: 86a4ca23-7b5d-4e66-aedf-96a123f60e2c
16:37:47.113 [main] INFO com.airline.ordering.repository.SQLiteConnection - Connected to SQLite database: jdbc:sqlite:inflight_ordering.db
16:37:47.115 [main] INFO com.airline.ordering.repository.impl.OrderRepositoryImpl - Order saved: 4d09dfc9-9e29-40ae-9823-6f2e6d226177
16:37:47.116 [main] INFO com.airline.ordering.repository.SQLiteConnection - Connected to SQLite database: jdbc:sqlite:inflight_ordering.db
16:37:47.117 [main] INFO com.airline.ordering.repository.impl.OrderRepositoryImpl - Order saved: c1c4d516-9ca7-46b3-9dc6-90e9213af1df
16:37:47.118 [main] INFO com.airline.ordering.repository.SQLiteConnection - Connected to SQLite database: jdbc:sqlite:inflight_ordering.db
16:37:47.120 [main] INFO com.airline.ordering.repository.impl.OrderRepositoryImpl - Order saved: 1df2dbc5-2cc5-4ef5-a42b-8daa6fe7e9de
16:37:47.121 [main] INFO com.airline.ordering.repository.SQLiteConnection - Connected to SQLite database: jdbc:sqlite:inflight_ordering.db
16:37:47.123 [main] INFO com.airline.ordering.repository.impl.OrderRepositoryImpl - Order saved: a1115bbb-27f8-4a03-a0d4-edcd98f42229
16:37:47.124 [main] INFO com.airline.ordering.repository.SQLiteConnection - Connected to SQLite database: jdbc:sqlite:inflight_ordering.db
]]></system-out>
  </testcase>
  <testcase name="testFindByPassengerId" classname="com.airline.ordering.repository.impl.OrderRepositoryImplTest" time="0.027">
    <system-out><![CDATA[16:37:47.128 [main] INFO com.airline.ordering.repository.SQLiteConnection - Connected to SQLite database: jdbc:sqlite:inflight_ordering.db
16:37:47.137 [main] INFO com.airline.ordering.repository.SQLiteConnection - Database schema initialized successfully.
16:37:47.138 [main] INFO com.airline.ordering.repository.SQLiteConnection - Connected to SQLite database: jdbc:sqlite:inflight_ordering.db
16:37:47.139 [main] INFO com.airline.ordering.repository.SQLiteConnection - Connected to SQLite database: jdbc:sqlite:inflight_ordering.db
16:37:47.141 [main] INFO com.airline.ordering.repository.impl.PassengerRepositoryImpl - Passenger saved: ab0d5854-3d94-4204-b10c-98fa78592b6a
16:37:47.141 [main] INFO com.airline.ordering.repository.SQLiteConnection - Connected to SQLite database: jdbc:sqlite:inflight_ordering.db
16:37:47.142 [main] INFO com.airline.ordering.repository.SQLiteConnection - Connected to SQLite database: jdbc:sqlite:inflight_ordering.db
16:37:47.143 [main] INFO com.airline.ordering.repository.impl.PassengerRepositoryImpl - Passenger saved: eb0c27e4-3cda-4230-82db-095ec3c19796
16:37:47.144 [main] INFO com.airline.ordering.repository.SQLiteConnection - Connected to SQLite database: jdbc:sqlite:inflight_ordering.db
16:37:47.146 [main] INFO com.airline.ordering.repository.impl.OrderRepositoryImpl - Order saved: d91eb21a-4981-4a14-adec-a91f92b15823
16:37:47.147 [main] INFO com.airline.ordering.repository.SQLiteConnection - Connected to SQLite database: jdbc:sqlite:inflight_ordering.db
16:37:47.148 [main] INFO com.airline.ordering.repository.impl.OrderRepositoryImpl - Order saved: 820612e4-7f4a-4642-9398-60d090f41f9d
16:37:47.149 [main] INFO com.airline.ordering.repository.SQLiteConnection - Connected to SQLite database: jdbc:sqlite:inflight_ordering.db
16:37:47.150 [main] INFO com.airline.ordering.repository.impl.OrderRepositoryImpl - Order saved: 711fb582-4018-4992-a7b3-e244c880544f
16:37:47.151 [main] INFO com.airline.ordering.repository.SQLiteConnection - Connected to SQLite database: jdbc:sqlite:inflight_ordering.db
16:37:47.153 [main] INFO com.airline.ordering.repository.SQLiteConnection - Connected to SQLite database: jdbc:sqlite:inflight_ordering.db
]]></system-out>
  </testcase>
  <testcase name="testDeleteById" classname="com.airline.ordering.repository.impl.OrderRepositoryImplTest" time="0.021">
    <system-out><![CDATA[16:37:47.156 [main] INFO com.airline.ordering.repository.SQLiteConnection - Connected to SQLite database: jdbc:sqlite:inflight_ordering.db
16:37:47.166 [main] INFO com.airline.ordering.repository.SQLiteConnection - Database schema initialized successfully.
16:37:47.167 [main] INFO com.airline.ordering.repository.SQLiteConnection - Connected to SQLite database: jdbc:sqlite:inflight_ordering.db
16:37:47.167 [main] INFO com.airline.ordering.repository.SQLiteConnection - Connected to SQLite database: jdbc:sqlite:inflight_ordering.db
16:37:47.170 [main] INFO com.airline.ordering.repository.impl.PassengerRepositoryImpl - Passenger saved: cb414b6c-1fde-4574-94e8-d0543a834376
16:37:47.170 [main] INFO com.airline.ordering.repository.SQLiteConnection - Connected to SQLite database: jdbc:sqlite:inflight_ordering.db
16:37:47.172 [main] INFO com.airline.ordering.repository.impl.OrderRepositoryImpl - Order saved: 7efcdbe0-9b85-444d-8510-bde968134d2d
16:37:47.173 [main] INFO com.airline.ordering.repository.SQLiteConnection - Connected to SQLite database: jdbc:sqlite:inflight_ordering.db
16:37:47.175 [main] INFO com.airline.ordering.repository.impl.OrderRepositoryImpl - Order deleted: 7efcdbe0-9b85-444d-8510-bde968134d2d
16:37:47.175 [main] INFO com.airline.ordering.repository.SQLiteConnection - Connected to SQLite database: jdbc:sqlite:inflight_ordering.db
]]></system-out>
  </testcase>
  <testcase name="testSaveAndFindById" classname="com.airline.ordering.repository.impl.OrderRepositoryImplTest" time="0.019">
    <system-out><![CDATA[16:37:47.178 [main] INFO com.airline.ordering.repository.SQLiteConnection - Connected to SQLite database: jdbc:sqlite:inflight_ordering.db
16:37:47.187 [main] INFO com.airline.ordering.repository.SQLiteConnection - Database schema initialized successfully.
16:37:47.187 [main] INFO com.airline.ordering.repository.SQLiteConnection - Connected to SQLite database: jdbc:sqlite:inflight_ordering.db
16:37:47.188 [main] INFO com.airline.ordering.repository.SQLiteConnection - Connected to SQLite database: jdbc:sqlite:inflight_ordering.db
16:37:47.190 [main] INFO com.airline.ordering.repository.impl.PassengerRepositoryImpl - Passenger saved: aaba6f00-f009-48a7-ae5c-2827249b62cd
16:37:47.191 [main] INFO com.airline.ordering.repository.SQLiteConnection - Connected to SQLite database: jdbc:sqlite:inflight_ordering.db
16:37:47.193 [main] INFO com.airline.ordering.repository.impl.OrderRepositoryImpl - Order saved: ea7e717d-f3af-439d-be3b-e78885ab2fbc
16:37:47.194 [main] INFO com.airline.ordering.repository.SQLiteConnection - Connected to SQLite database: jdbc:sqlite:inflight_ordering.db
]]></system-out>
  </testcase>
</testsuite>