<?xml version="1.0" encoding="UTF-8"?>
<testsuite xmlns:xsi="http://www.w3.org/2001/XMLSchema-instance" xsi:noNamespaceSchemaLocation="https://maven.apache.org/surefire/maven-surefire-plugin/xsd/surefire-test-report-3.0.xsd" version="3.0" name="com.airline.ordering.domain.OrderTest" time="0.031" tests="12" errors="0" skipped="0" failures="0">
  <properties>
[...]
</properties>
  <testcase name="testCannotSubmitEmptyOrder" classname="com.airline.ordering.domain.OrderTest" time="0.002"/>
  <testcase name="testAddMultipleItems" classname="com.airline.ordering.domain.OrderTest" time="0.004"/>
  <testcase name="testAddItem" classname="com.airline.ordering.domain.OrderTest" time="0.001"/>
  <testcase name="testUpdateItem" classname="com.airline.ordering.domain.OrderTest" time="0"/>
  <testcase name="testMarkAsModifiedResetsSync" classname="com.airline.ordering.domain.OrderTest" time="0.001"/>
  <testcase name="testOrderEquality" classname="com.airline.ordering.domain.OrderTest" time="0.001"/>
  <testcase name="testRemoveItem" classname="com.airline.ordering.domain.OrderTest" time="0.001"/>
  <testcase name="testSyncFailure" classname="com.airline.ordering.domain.OrderTest" time="0.001"/>
  <testcase name="testSyncOperations" classname="com.airline.ordering.domain.OrderTest" time="0.001"/>
  <testcase name="testOrderStatusTransitions" classname="com.airline.ordering.domain.OrderTest" time="0.001"/>
  <testcase name="testOrderCreation" classname="com.airline.ordering.domain.OrderTest" time="0.001"/>
  <testcase name="testRecalculateTotalAmount" classname="com.airline.ordering.domain.OrderTest" time="0.001"/>
</testsuite>