<?xml version="1.0" encoding="UTF-8"?>
<testsuite xmlns:xsi="http://www.w3.org/2001/XMLSchema-instance" xsi:noNamespaceSchemaLocation="https://maven.apache.org/surefire/maven-surefire-plugin/xsd/surefire-test-report-3.0.xsd" version="3.0" name="com.airline.ordering.repository.impl.MenuItemRepositoryImplTest" time="0.604" tests="8" errors="0" skipped="0" failures="0">
  <properties>
[...]
</properties>
  <testcase name="testFindByStatus" classname="com.airline.ordering.repository.impl.MenuItemRepositoryImplTest" time="0.45">
    <system-out><![CDATA[16:37:46.351 [main] INFO com.airline.ordering.repository.SQLiteConnection - Connected to SQLite database: jdbc:sqlite:inflight_ordering.db
16:37:46.359 [main] INFO com.airline.ordering.repository.SQLiteConnection - Database schema initialized successfully.
16:37:46.722 [main] INFO com.airline.ordering.repository.SQLiteConnection - Connected to SQLite database: jdbc:sqlite:inflight_ordering.db
16:37:46.747 [main] INFO com.airline.ordering.repository.impl.MenuItemRepositoryImpl - MenuItem saved: 7f83b38d-6745-45b9-a68a-4099a478dbd5
16:37:46.748 [main] INFO com.airline.ordering.repository.SQLiteConnection - Connected to SQLite database: jdbc:sqlite:inflight_ordering.db
16:37:46.751 [main] INFO com.airline.ordering.repository.impl.MenuItemRepositoryImpl - MenuItem saved: 8d5ea23b-f62d-4a5f-a096-a5f05cc8641d
16:37:46.751 [main] INFO com.airline.ordering.repository.SQLiteConnection - Connected to SQLite database: jdbc:sqlite:inflight_ordering.db
]]></system-out>
  </testcase>
  <testcase name="testFindAll" classname="com.airline.ordering.repository.impl.MenuItemRepositoryImplTest" time="0.019">
    <system-out><![CDATA[16:37:46.802 [main] INFO com.airline.ordering.repository.SQLiteConnection - Connected to SQLite database: jdbc:sqlite:inflight_ordering.db
16:37:46.811 [main] INFO com.airline.ordering.repository.SQLiteConnection - Database schema initialized successfully.
16:37:46.812 [main] INFO com.airline.ordering.repository.SQLiteConnection - Connected to SQLite database: jdbc:sqlite:inflight_ordering.db
16:37:46.815 [main] INFO com.airline.ordering.repository.impl.MenuItemRepositoryImpl - MenuItem saved: af176d34-c9bb-4aa2-be0b-7f3e4a1eac7e
16:37:46.815 [main] INFO com.airline.ordering.repository.SQLiteConnection - Connected to SQLite database: jdbc:sqlite:inflight_ordering.db
16:37:46.817 [main] INFO com.airline.ordering.repository.impl.MenuItemRepositoryImpl - MenuItem saved: 1030e178-6ed4-4635-a814-5e0df42f4772
16:37:46.818 [main] INFO com.airline.ordering.repository.SQLiteConnection - Connected to SQLite database: jdbc:sqlite:inflight_ordering.db
]]></system-out>
  </testcase>
  <testcase name="testCount" classname="com.airline.ordering.repository.impl.MenuItemRepositoryImplTest" time="0.02">
    <system-out><![CDATA[16:37:46.823 [main] INFO com.airline.ordering.repository.SQLiteConnection - Connected to SQLite database: jdbc:sqlite:inflight_ordering.db
16:37:46.831 [main] INFO com.airline.ordering.repository.SQLiteConnection - Database schema initialized successfully.
16:37:46.831 [main] INFO com.airline.ordering.repository.SQLiteConnection - Connected to SQLite database: jdbc:sqlite:inflight_ordering.db
16:37:46.832 [main] INFO com.airline.ordering.repository.SQLiteConnection - Connected to SQLite database: jdbc:sqlite:inflight_ordering.db
16:37:46.835 [main] INFO com.airline.ordering.repository.impl.MenuItemRepositoryImpl - MenuItem saved: f16c7b54-3db5-4066-930d-98147014a43e
16:37:46.835 [main] INFO com.airline.ordering.repository.SQLiteConnection - Connected to SQLite database: jdbc:sqlite:inflight_ordering.db
16:37:46.836 [main] INFO com.airline.ordering.repository.SQLiteConnection - Connected to SQLite database: jdbc:sqlite:inflight_ordering.db
16:37:46.838 [main] INFO com.airline.ordering.repository.impl.MenuItemRepositoryImpl - MenuItem saved: 15520e29-d3a6-4f50-ae4e-80c93f931539
16:37:46.841 [main] INFO com.airline.ordering.repository.SQLiteConnection - Connected to SQLite database: jdbc:sqlite:inflight_ordering.db
]]></system-out>
  </testcase>
  <testcase name="testUpdateMenuItem" classname="com.airline.ordering.repository.impl.MenuItemRepositoryImplTest" time="0.018">
    <system-out><![CDATA[16:37:46.845 [main] INFO com.airline.ordering.repository.SQLiteConnection - Connected to SQLite database: jdbc:sqlite:inflight_ordering.db
16:37:46.850 [main] INFO com.airline.ordering.repository.SQLiteConnection - Database schema initialized successfully.
16:37:46.853 [main] INFO com.airline.ordering.repository.SQLiteConnection - Connected to SQLite database: jdbc:sqlite:inflight_ordering.db
16:37:46.856 [main] INFO com.airline.ordering.repository.impl.MenuItemRepositoryImpl - MenuItem saved: f17b2741-57ce-4b70-a705-4cdfb047846c
16:37:46.857 [main] INFO com.airline.ordering.repository.SQLiteConnection - Connected to SQLite database: jdbc:sqlite:inflight_ordering.db
16:37:46.859 [main] INFO com.airline.ordering.repository.impl.MenuItemRepositoryImpl - MenuItem saved: f17b2741-57ce-4b70-a705-4cdfb047846c
16:37:46.859 [main] INFO com.airline.ordering.repository.SQLiteConnection - Connected to SQLite database: jdbc:sqlite:inflight_ordering.db
]]></system-out>
  </testcase>
  <testcase name="testSearchByNameOrDescription" classname="com.airline.ordering.repository.impl.MenuItemRepositoryImplTest" time="0.026">
    <system-out><![CDATA[16:37:46.864 [main] INFO com.airline.ordering.repository.SQLiteConnection - Connected to SQLite database: jdbc:sqlite:inflight_ordering.db
16:37:46.871 [main] INFO com.airline.ordering.repository.SQLiteConnection - Database schema initialized successfully.
16:37:46.874 [main] INFO com.airline.ordering.repository.SQLiteConnection - Connected to SQLite database: jdbc:sqlite:inflight_ordering.db
16:37:46.877 [main] INFO com.airline.ordering.repository.impl.MenuItemRepositoryImpl - MenuItem saved: eac8cad3-97ce-4b6a-927d-77296139535e
16:37:46.878 [main] INFO com.airline.ordering.repository.SQLiteConnection - Connected to SQLite database: jdbc:sqlite:inflight_ordering.db
16:37:46.879 [main] INFO com.airline.ordering.repository.impl.MenuItemRepositoryImpl - MenuItem saved: ba01a7c7-5285-4a68-b25c-f9c914af82f2
16:37:46.880 [main] INFO com.airline.ordering.repository.SQLiteConnection - Connected to SQLite database: jdbc:sqlite:inflight_ordering.db
16:37:46.882 [main] INFO com.airline.ordering.repository.impl.MenuItemRepositoryImpl - MenuItem saved: ec35c3bf-a2ae-4661-8f96-c58b6e7fd62b
16:37:46.882 [main] INFO com.airline.ordering.repository.SQLiteConnection - Connected to SQLite database: jdbc:sqlite:inflight_ordering.db
16:37:46.885 [main] INFO com.airline.ordering.repository.SQLiteConnection - Connected to SQLite database: jdbc:sqlite:inflight_ordering.db
16:37:46.887 [main] INFO com.airline.ordering.repository.SQLiteConnection - Connected to SQLite database: jdbc:sqlite:inflight_ordering.db
]]></system-out>
  </testcase>
  <testcase name="testFindByCategory" classname="com.airline.ordering.repository.impl.MenuItemRepositoryImplTest" time="0.024">
    <system-out><![CDATA[16:37:46.894 [main] INFO com.airline.ordering.repository.SQLiteConnection - Connected to SQLite database: jdbc:sqlite:inflight_ordering.db
16:37:46.900 [main] INFO com.airline.ordering.repository.SQLiteConnection - Database schema initialized successfully.
16:37:46.901 [main] INFO com.airline.ordering.repository.SQLiteConnection - Connected to SQLite database: jdbc:sqlite:inflight_ordering.db
16:37:46.904 [main] INFO com.airline.ordering.repository.impl.MenuItemRepositoryImpl - MenuItem saved: 2f62a3f1-eabd-4656-a7c4-1eeb44483173
16:37:46.905 [main] INFO com.airline.ordering.repository.SQLiteConnection - Connected to SQLite database: jdbc:sqlite:inflight_ordering.db
16:37:46.907 [main] INFO com.airline.ordering.repository.impl.MenuItemRepositoryImpl - MenuItem saved: b60dfc36-82eb-444b-b544-14b29bc08f81
16:37:46.908 [main] INFO com.airline.ordering.repository.SQLiteConnection - Connected to SQLite database: jdbc:sqlite:inflight_ordering.db
16:37:46.911 [main] INFO com.airline.ordering.repository.impl.MenuItemRepositoryImpl - MenuItem saved: ebe921f9-0023-49b0-865e-288935945674
16:37:46.911 [main] INFO com.airline.ordering.repository.SQLiteConnection - Connected to SQLite database: jdbc:sqlite:inflight_ordering.db
]]></system-out>
  </testcase>
  <testcase name="testDeleteById" classname="com.airline.ordering.repository.impl.MenuItemRepositoryImplTest" time="0.016">
    <system-out><![CDATA[16:37:46.918 [main] INFO com.airline.ordering.repository.SQLiteConnection - Connected to SQLite database: jdbc:sqlite:inflight_ordering.db
16:37:46.926 [main] INFO com.airline.ordering.repository.SQLiteConnection - Database schema initialized successfully.
16:37:46.927 [main] INFO com.airline.ordering.repository.SQLiteConnection - Connected to SQLite database: jdbc:sqlite:inflight_ordering.db
16:37:46.930 [main] INFO com.airline.ordering.repository.impl.MenuItemRepositoryImpl - MenuItem saved: 7346da65-899e-4119-af81-59d26c117d99
16:37:46.930 [main] INFO com.airline.ordering.repository.SQLiteConnection - Connected to SQLite database: jdbc:sqlite:inflight_ordering.db
16:37:46.932 [main] INFO com.airline.ordering.repository.impl.MenuItemRepositoryImpl - MenuItem deleted: 7346da65-899e-4119-af81-59d26c117d99
16:37:46.932 [main] INFO com.airline.ordering.repository.SQLiteConnection - Connected to SQLite database: jdbc:sqlite:inflight_ordering.db
]]></system-out>
  </testcase>
  <testcase name="testSaveAndFindById" classname="com.airline.ordering.repository.impl.MenuItemRepositoryImplTest" time="0.018">
    <system-out><![CDATA[16:37:46.935 [main] INFO com.airline.ordering.repository.SQLiteConnection - Connected to SQLite database: jdbc:sqlite:inflight_ordering.db
16:37:46.944 [main] INFO com.airline.ordering.repository.SQLiteConnection - Database schema initialized successfully.
16:37:46.945 [main] INFO com.airline.ordering.repository.SQLiteConnection - Connected to SQLite database: jdbc:sqlite:inflight_ordering.db
16:37:46.949 [main] INFO com.airline.ordering.repository.impl.MenuItemRepositoryImpl - MenuItem saved: 71e4a4a6-e455-4332-8d84-d78694e7ffc6
16:37:46.949 [main] INFO com.airline.ordering.repository.SQLiteConnection - Connected to SQLite database: jdbc:sqlite:inflight_ordering.db
]]></system-out>
  </testcase>
</testsuite>